2025-04-04 09:03:04.982244 - Received CBT.V508.FILE394.PDS from FILE394.XMI 
2025-04-04 09:03:04.983917 - Found $$$#DATE.txt (text/plain) in CBT.V508.FILE394.PDS, moved to PDS/$$$#DATE
2025-04-04 09:03:04.984073 - Found $$DOC.txt (text/plain) in CBT.V508.FILE394.PDS, moved to PDS/$$DOC
2025-04-04 09:03:04.984215 - Found $$INDEX.txt (text/plain) in CBT.V508.FILE394.PDS, moved to PDS/$$INDEX
2025-04-04 09:03:04.984345 - Found $CPYRGHT.txt (text/plain) in CBT.V508.FILE394.PDS, moved to PDS/$CPYRGHT
2025-04-04 09:03:04.984483 - Found $HALVE.txt (text/plain) in CBT.V508.FILE394.PDS, moved to PDS/$HALVE
2025-04-04 09:03:04.984603 - Found $JJDGEN.txt (text/plain) in CBT.V508.FILE394.PDS, moved to PDS/$JJDGEN
2025-04-04 09:03:04.984733 - Found $JJTBGEN.txt (text/plain) in CBT.V508.FILE394.PDS, moved to PDS/$JJTBGEN
2025-04-04 09:03:04.984856 - Found $KSDSINI.txt (text/plain) in CBT.V508.FILE394.PDS, moved to PDS/$KSDSINI
2025-04-04 09:03:04.984980 - Found $TABLES.txt (text/plain) in CBT.V508.FILE394.PDS, moved to PDS/$TABLES
2025-04-04 09:03:04.985099 - Found $TBLACCS.txt (text/plain) in CBT.V508.FILE394.PDS, moved to PDS/$TBLACCS
2025-04-04 09:03:04.985225 - Found $WTOH.txt (text/plain) in CBT.V508.FILE394.PDS, moved to PDS/$WTOH
2025-04-04 09:03:04.985361 - Found @FILE394.txt (text/plain) in CBT.V508.FILE394.PDS, moved to PDS/@FILE394
2025-04-04 09:03:04.985486 - Found CPYRGHTC.txt (text/plain) in CBT.V508.FILE394.PDS, moved to PDS/CPYRGHTC
2025-04-04 09:03:04.985607 - Found DEFNVS.jcl (text/plain) in CBT.V508.FILE394.PDS, moved to PDS/DEFNVS
2025-04-04 09:03:04.985741 - Found DELNVS.jcl (text/plain) in CBT.V508.FILE394.PDS, moved to PDS/DELNVS
2025-04-04 09:03:04.985906 - Found HALVE.txt (text/plain) in CBT.V508.FILE394.PDS, moved to PDS/HALVE
2025-04-04 09:03:04.986029 - Found HLVTD.txt (text/plain) in CBT.V508.FILE394.PDS, moved to PDS/HLVTD
2025-04-04 09:03:04.986168 - Found IEFUSI.jcl (text/plain) in CBT.V508.FILE394.PDS, moved to PDS/IEFUSI
2025-04-04 09:03:04.986318 - Found JJDGEN.jcl (text/plain) in CBT.V508.FILE394.PDS, moved to PDS/JJDGEN
2025-04-04 09:03:04.986434 - Found JJPDSD.jcl (text/plain) in CBT.V508.FILE394.PDS, moved to PDS/JJPDSD
2025-04-04 09:03:04.986563 - Found JJTBGEN.txt (text/plain) in CBT.V508.FILE394.PDS, moved to PDS/JJTBGEN
2025-04-04 09:03:04.986738 - Found KSDSINIT.txt (text/plain) in CBT.V508.FILE394.PDS, moved to PDS/KSDSINIT
2025-04-04 09:03:04.987082 - Found KSDSPACE.jcl (text/plain) in CBT.V508.FILE394.PDS, moved to PDS/KSDSPACE
2025-04-04 09:03:04.987256 - Found KSDSPACO.jcl (text/plain) in CBT.V508.FILE394.PDS, moved to PDS/KSDSPACO
2025-04-04 09:03:04.987399 - Found LDAPROBE.rexx (text/plain) in CBT.V508.FILE394.PDS, moved to PDS/LDAPROBE
2025-04-04 09:03:04.987534 - Found LDAPROBJ.txt (text/plain) in CBT.V508.FILE394.PDS, moved to PDS/LDAPROBJ
2025-04-04 09:03:04.987679 - Found LLAUPDTS.jcl (text/plain) in CBT.V508.FILE394.PDS, moved to PDS/LLAUPDTS
2025-04-04 09:03:04.987814 - Found LLAUPDTX.jcl (text/plain) in CBT.V508.FILE394.PDS, moved to PDS/LLAUPDTX
2025-04-04 09:03:04.987947 - Found MAKENSWP.rexx (text/plain) in CBT.V508.FILE394.PDS, moved to PDS/MAKENSWP
2025-04-04 09:03:04.988068 - Found MXIVSTOR.rexx (text/plain) in CBT.V508.FILE394.PDS, moved to PDS/MXIVSTOR
2025-04-04 09:03:04.988190 - Found OFDASVER.jcl (text/plain) in CBT.V508.FILE394.PDS, moved to PDS/OFDASVER
2025-04-04 09:03:04.988305 - Found OFDVBFB.jcl (text/plain) in CBT.V508.FILE394.PDS, moved to PDS/OFDVBFB
2025-04-04 09:03:04.988427 - Found SUBENT.txt (text/plain) in CBT.V508.FILE394.PDS, moved to PDS/SUBENT
2025-04-04 09:03:04.988547 - Found SUBRET.txt (text/plain) in CBT.V508.FILE394.PDS, moved to PDS/SUBRET
2025-04-04 09:03:04.988669 - Found TBLACCSS.txt (text/plain) in CBT.V508.FILE394.PDS, moved to PDS/TBLACCSS
2025-04-04 09:03:04.988799 - Found TI.rexx (text/plain) in CBT.V508.FILE394.PDS, moved to PDS/TI
2025-04-04 09:03:04.988924 - Found TSTAMP.txt (text/plain) in CBT.V508.FILE394.PDS, moved to PDS/TSTAMP
2025-04-04 09:03:04.989059 - Found TV.txt (text/plain) in CBT.V508.FILE394.PDS, moved to PDS/TV
2025-04-04 09:03:04.989176 - Found WTOH.jcl (text/plain) in CBT.V508.FILE394.PDS, moved to PDS/WTOH
2025-04-04 09:03:04.989296 - Found XMIT.txt (text/plain) in CBT.V508.FILE394.PDS, moved to PDS/XMIT
